<?xml version="1.0" encoding="UTF-8"?>
<!-- Generated by org.testng.reporters.JUnitReportReporter -->
<testsuite hostname="DESKTOP-KPV0A1V" failures="0" tests="1" name="com.google.qa.FirstTest" time="1.884" errors="0" timestamp="14 Jan 2023 22:08:31 GMT" skipped="0">
  <testcase classname="com.google.qa.FirstTest" name="f" time="1.884"/>
</testsuite> <!-- com.google.qa.FirstTest -->
